<?xml version="1.0" encoding="UTF-8"?>
<testsuite name="BfsTest" tests="2" skipped="1" failures="0" errors="0" timestamp="2023-12-19T22:16:31" hostname="i112076914" time="3.607">
  <properties/>
  <testcase name="testForkJoinBfs()" classname="BfsTest" time="3.587"/>
  <testcase name="performanceTest()" classname="BfsTest" time="0.02">
    <skipped/>
  </testcase>
  <system-out><![CDATA[]]></system-out>
  <system-err><![CDATA[]]></system-err>
</testsuite>
